<?xml version="1.0" encoding="UTF-8"?>
<testng-results ignored="0" total="1" passed="0" failed="1" skipped="0">
  <reporter-output>
    <line>
      <![CDATA[Starting test: tc04VerifyAIResponsesRendered<br>]]>
    </line>
    <line>
      <![CDATA[tc04VerifyAIResponsesRendered: Verify that AI-generated responses are displayed correctly.<br>]]>
    </line>
    <line>
      <![CDATA[<span style='color:red;'>Error while validating semantic similarity: no such element: Unable to locate element: {"method":"css selector","selector":"#email"}
  (Session info: chrome=141.0.7390.78)
For documentation on this error, please visit: https://www.selenium.dev/documentation/webdriver/troubleshooting/errors#no-such-element-exception
Build info: version: '4.23.0', revision: '4df0a231af'
System info: os.name: 'Windows 10', os.arch: 'amd64', os.version: '10.0', java.version: '21.0.7'
Driver info: org.openqa.selenium.chrome.ChromeDriver
Command: [6365056c2c8e52d9abddc288380f4be6, findElement {value=email, using=id}]
Capabilities {acceptInsecureCerts: false, browserName: chrome, browserVersion: 141.0.7390.78, chrome: {chromedriverVersion: 141.0.7390.122 (b477534e7e1..., userDataDir: C:\Users\Admin\AppData\Loca...}, fedcm:accounts: true, goog:chromeOptions: {debuggerAddress: localhost:58174}, networkConnectionEnabled: false, pageLoadStrategy: normal, platformName: windows, proxy: Proxy(), se:cdp: ws://localhost:58174/devtoo..., se:cdpVersion: 141.0.7390.78, setWindowRect: true, strictFileInteractability: false, timeouts: {implicit: 0, pageLoad: 300000, script: 30000}, unhandledPromptBehavior: dismiss and notify, webauthn:extension:credBlob: true, webauthn:extension:largeBlob: true, webauthn:extension:minPinLength: true, webauthn:extension:prf: true, webauthn:virtualAuthenticators: true}
Session ID: 6365056c2c8e52d9abddc288380f4be6</span><br>]]>
    </line>
    <line>
      <![CDATA[<br><b>Test Result Table:</b><br><table border='1' cellspacing='0' cellpadding='5' style='width:100%; border-collapse:collapse; font-size:12px;'><tr style='background-color:#f2f2f2;'><th>Timestamp</th><th>Question</th><th>Expected</th><th>Actual</th><th>Similarity</th><th>Status</th></tr><tr style='background-color:#f8d7da;'><td style='border:1px solid #ccc; padding:5px; vertical-align:top;'>2025-10-23 09:45:23</td><td style='border:1px solid #ccc; padding:5px; vertical-align:top;'></td><td style='border:1px solid #ccc; padding:5px; vertical-align:top;'></td><td style='border:1px solid #ccc; padding:5px; vertical-align:top;'></td><td style='border:1px solid #ccc; padding:5px; vertical-align:top;'>0.00</td><td style='border:1px solid #ccc; padding:5px; vertical-align:top;'>FAIL</td></tr></table><br>]]>
    </line>
    <line>
      <![CDATA[<br><b>Test Result Table:</b><br><table border='1' cellspacing='0' cellpadding='5' style='width:100%; border-collapse:collapse; font-size:12px;'><tr style='background-color:#f2f2f2;'><th>Timestamp</th><th>Question</th><th>Expected</th><th>Actual</th><th>Similarity</th><th>Status</th></tr><tr style='background-color:#f8d7da;'><td style='border:1px solid #ccc; padding:5px; vertical-align:top;'>2025-10-23 09:45:23</td><td style='border:1px solid #ccc; padding:5px; vertical-align:top;'></td><td style='border:1px solid #ccc; padding:5px; vertical-align:top;'></td><td style='border:1px solid #ccc; padding:5px; vertical-align:top;'></td><td style='border:1px solid #ccc; padding:5px; vertical-align:top;'>0.00</td><td style='border:1px solid #ccc; padding:5px; vertical-align:top;'>FAIL</td></tr></table><br>]]>
    </line>
  </reporter-output>
  <suite started-at="2025-10-23T09:45:13 GST" name="Default suite" finished-at="2025-10-23T09:45:24 GST" duration-ms="11357">
    <groups>
    </groups>
    <test started-at="2025-10-23T09:45:13 GST" name="Default test" finished-at="2025-10-23T09:45:24 GST" duration-ms="11357">
      <class name="com.uask.tests.ChatUITest">
        <test-method is-config="true" signature="setupReport()[pri:0, instance:com.uask.tests.ChatUITest@46268f08]" started-at="2025-10-23T09:45:13 GST" name="setupReport" finished-at="2025-10-23T09:45:13 GST" duration-ms="387" status="PASS">
          <reporter-output>
          </reporter-output>
        </test-method> <!-- setupReport -->
        <test-method is-config="true" signature="setupClass()[pri:0, instance:com.uask.tests.ChatUITest@46268f08]" started-at="2025-10-23T09:45:13 GST" name="setupClass" finished-at="2025-10-23T09:45:13 GST" duration-ms="9" status="PASS">
          <reporter-output>
          </reporter-output>
        </test-method> <!-- setupClass -->
        <test-method is-config="true" signature="setup(java.lang.reflect.Method,java.lang.String)[pri:0, instance:com.uask.tests.ChatUITest@46268f08]" started-at="2025-10-23T09:45:13 GST" name="setup" finished-at="2025-10-23T09:45:20 GST" duration-ms="6614" status="PASS">
          <params>
            <param index="0">
              <value>
                <![CDATA[public void com.uask.tests.ChatUITest.tc04VerifyAIResponsesRendered()]]>
              </value>
            </param>
            <param index="1">
              <value>
                <![CDATA[desktop]]>
              </value>
            </param>
          </params>
          <reporter-output>
            <line>
              <![CDATA[Starting test: tc04VerifyAIResponsesRendered<br>]]>
            </line>
          </reporter-output>
        </test-method> <!-- setup -->
        <test-method signature="tc04VerifyAIResponsesRendered()[pri:3, instance:com.uask.tests.ChatUITest@46268f08]" started-at="2025-10-23T09:45:20 GST" name="tc04VerifyAIResponsesRendered" finished-at="2025-10-23T09:45:23 GST" duration-ms="2959" status="FAIL">
          <exception class="java.lang.AssertionError">
            <message>
              <![CDATA[Error while validating semantic similarity: no such element: Unable to locate element: {"method":"css selector","selector":"#email"}
  (Session info: chrome=141.0.7390.78)
For documentation on this error, please visit: https://www.selenium.dev/documentation/webdriver/troubleshooting/errors#no-such-element-exception
Build info: version: '4.23.0', revision: '4df0a231af'
System info: os.name: 'Windows 10', os.arch: 'amd64', os.version: '10.0', java.version: '21.0.7'
Driver info: org.openqa.selenium.chrome.ChromeDriver
Command: [6365056c2c8e52d9abddc288380f4be6, findElement {value=email, using=id}]
Capabilities {acceptInsecureCerts: false, browserName: chrome, browserVersion: 141.0.7390.78, chrome: {chromedriverVersion: 141.0.7390.122 (b477534e7e1..., userDataDir: C:\Users\Admin\AppData\Loca...}, fedcm:accounts: true, goog:chromeOptions: {debuggerAddress: localhost:58174}, networkConnectionEnabled: false, pageLoadStrategy: normal, platformName: windows, proxy: Proxy(), se:cdp: ws://localhost:58174/devtoo..., se:cdpVersion: 141.0.7390.78, setWindowRect: true, strictFileInteractability: false, timeouts: {implicit: 0, pageLoad: 300000, script: 30000}, unhandledPromptBehavior: dismiss and notify, webauthn:extension:credBlob: true, webauthn:extension:largeBlob: true, webauthn:extension:minPinLength: true, webauthn:extension:prf: true, webauthn:virtualAuthenticators: true}
Session ID: 6365056c2c8e52d9abddc288380f4be6]]>
            </message>
            <full-stacktrace>
              <![CDATA[java.lang.AssertionError: Error while validating semantic similarity: no such element: Unable to locate element: {"method":"css selector","selector":"#email"}
  (Session info: chrome=141.0.7390.78)
For documentation on this error, please visit: https://www.selenium.dev/documentation/webdriver/troubleshooting/errors#no-such-element-exception
Build info: version: '4.23.0', revision: '4df0a231af'
System info: os.name: 'Windows 10', os.arch: 'amd64', os.version: '10.0', java.version: '21.0.7'
Driver info: org.openqa.selenium.chrome.ChromeDriver
Command: [6365056c2c8e52d9abddc288380f4be6, findElement {value=email, using=id}]
Capabilities {acceptInsecureCerts: false, browserName: chrome, browserVersion: 141.0.7390.78, chrome: {chromedriverVersion: 141.0.7390.122 (b477534e7e1..., userDataDir: C:\Users\Admin\AppData\Loca...}, fedcm:accounts: true, goog:chromeOptions: {debuggerAddress: localhost:58174}, networkConnectionEnabled: false, pageLoadStrategy: normal, platformName: windows, proxy: Proxy(), se:cdp: ws://localhost:58174/devtoo..., se:cdpVersion: 141.0.7390.78, setWindowRect: true, strictFileInteractability: false, timeouts: {implicit: 0, pageLoad: 300000, script: 30000}, unhandledPromptBehavior: dismiss and notify, webauthn:extension:credBlob: true, webauthn:extension:largeBlob: true, webauthn:extension:minPinLength: true, webauthn:extension:prf: true, webauthn:virtualAuthenticators: true}
Session ID: 6365056c2c8e52d9abddc288380f4be6
at utils.Log.fail(Log.java:174)
at com.uask.tests.ChatUITest.tc04VerifyAIResponsesRendered(ChatUITest.java:123)
at java.base/jdk.internal.reflect.DirectMethodHandleAccessor.invoke(DirectMethodHandleAccessor.java:103)
at java.base/java.lang.reflect.Method.invoke(Method.java:580)
at org.testng.internal.invokers.MethodInvocationHelper.invokeMethod(MethodInvocationHelper.java:141)
at org.testng.internal.invokers.TestInvoker.invokeMethod(TestInvoker.java:686)
at org.testng.internal.invokers.TestInvoker.invokeTestMethod(TestInvoker.java:230)
at org.testng.internal.invokers.MethodRunner.runInSequence(MethodRunner.java:63)
at org.testng.internal.invokers.TestInvoker$MethodInvocationAgent.invoke(TestInvoker.java:992)
at org.testng.internal.invokers.TestInvoker.invokeTestMethods(TestInvoker.java:203)
at org.testng.internal.invokers.TestMethodWorker.invokeTestMethods(TestMethodWorker.java:154)
at org.testng.internal.invokers.TestMethodWorker.run(TestMethodWorker.java:134)
at java.base/java.util.ArrayList.forEach(ArrayList.java:1596)
at org.testng.TestRunner.privateRun(TestRunner.java:739)
at org.testng.TestRunner.run(TestRunner.java:614)
at org.testng.SuiteRunner.runTest(SuiteRunner.java:421)
at org.testng.SuiteRunner.runSequentially(SuiteRunner.java:413)
at org.testng.SuiteRunner.privateRun(SuiteRunner.java:373)
at org.testng.SuiteRunner.run(SuiteRunner.java:312)
at org.testng.SuiteRunnerWorker.runSuite(SuiteRunnerWorker.java:52)
at org.testng.SuiteRunnerWorker.run(SuiteRunnerWorker.java:95)
at org.testng.TestNG.runSuitesSequentially(TestNG.java:1274)
at org.testng.TestNG.runSuitesLocally(TestNG.java:1208)
at org.testng.TestNG.runSuites(TestNG.java:1112)
at org.testng.TestNG.run(TestNG.java:1079)
at org.testng.remote.AbstractRemoteTestNG.run(AbstractRemoteTestNG.java:115)
at org.testng.remote.RemoteTestNG.initAndRun(RemoteTestNG.java:293)
at org.testng.remote.RemoteTestNG.main(RemoteTestNG.java:91)
]]>
            </full-stacktrace>
          </exception> <!-- java.lang.AssertionError -->
          <reporter-output>
            <line>
              <![CDATA[tc04VerifyAIResponsesRendered: Verify that AI-generated responses are displayed correctly.<br>]]>
            </line>
            <line>
              <![CDATA[<span style='color:red;'>Error while validating semantic similarity: no such element: Unable to locate element: {"method":"css selector","selector":"#email"}
  (Session info: chrome=141.0.7390.78)
For documentation on this error, please visit: https://www.selenium.dev/documentation/webdriver/troubleshooting/errors#no-such-element-exception
Build info: version: '4.23.0', revision: '4df0a231af'
System info: os.name: 'Windows 10', os.arch: 'amd64', os.version: '10.0', java.version: '21.0.7'
Driver info: org.openqa.selenium.chrome.ChromeDriver
Command: [6365056c2c8e52d9abddc288380f4be6, findElement {value=email, using=id}]
Capabilities {acceptInsecureCerts: false, browserName: chrome, browserVersion: 141.0.7390.78, chrome: {chromedriverVersion: 141.0.7390.122 (b477534e7e1..., userDataDir: C:\Users\Admin\AppData\Loca...}, fedcm:accounts: true, goog:chromeOptions: {debuggerAddress: localhost:58174}, networkConnectionEnabled: false, pageLoadStrategy: normal, platformName: windows, proxy: Proxy(), se:cdp: ws://localhost:58174/devtoo..., se:cdpVersion: 141.0.7390.78, setWindowRect: true, strictFileInteractability: false, timeouts: {implicit: 0, pageLoad: 300000, script: 30000}, unhandledPromptBehavior: dismiss and notify, webauthn:extension:credBlob: true, webauthn:extension:largeBlob: true, webauthn:extension:minPinLength: true, webauthn:extension:prf: true, webauthn:virtualAuthenticators: true}
Session ID: 6365056c2c8e52d9abddc288380f4be6</span><br>]]>
            </line>
          </reporter-output>
        </test-method> <!-- tc04VerifyAIResponsesRendered -->
        <test-method is-config="true" signature="tearDown(org.testng.ITestResult)[pri:0, instance:com.uask.tests.ChatUITest@46268f08]" started-at="2025-10-23T09:45:23 GST" name="tearDown" finished-at="2025-10-23T09:45:24 GST" duration-ms="1700" status="PASS">
          <params>
            <param index="0">
              <value>
                <![CDATA[[TestResult name=tc04VerifyAIResponsesRendered status=FAILURE method=ChatUITest.tc04VerifyAIResponsesRendered()[pri:3, instance:com.uask.tests.ChatUITest@46268f08] output=tc04VerifyAIResponsesRendered: Verify that AI-generated responses are displayed correctly.<br>]]]>
              </value>
            </param>
          </params>
          <reporter-output>
            <line>
              <![CDATA[<br><b>Test Result Table:</b><br><table border='1' cellspacing='0' cellpadding='5' style='width:100%; border-collapse:collapse; font-size:12px;'><tr style='background-color:#f2f2f2;'><th>Timestamp</th><th>Question</th><th>Expected</th><th>Actual</th><th>Similarity</th><th>Status</th></tr><tr style='background-color:#f8d7da;'><td style='border:1px solid #ccc; padding:5px; vertical-align:top;'>2025-10-23 09:45:23</td><td style='border:1px solid #ccc; padding:5px; vertical-align:top;'></td><td style='border:1px solid #ccc; padding:5px; vertical-align:top;'></td><td style='border:1px solid #ccc; padding:5px; vertical-align:top;'></td><td style='border:1px solid #ccc; padding:5px; vertical-align:top;'>0.00</td><td style='border:1px solid #ccc; padding:5px; vertical-align:top;'>FAIL</td></tr></table><br>]]>
            </line>
            <line>
              <![CDATA[<br><b>Test Result Table:</b><br><table border='1' cellspacing='0' cellpadding='5' style='width:100%; border-collapse:collapse; font-size:12px;'><tr style='background-color:#f2f2f2;'><th>Timestamp</th><th>Question</th><th>Expected</th><th>Actual</th><th>Similarity</th><th>Status</th></tr><tr style='background-color:#f8d7da;'><td style='border:1px solid #ccc; padding:5px; vertical-align:top;'>2025-10-23 09:45:23</td><td style='border:1px solid #ccc; padding:5px; vertical-align:top;'></td><td style='border:1px solid #ccc; padding:5px; vertical-align:top;'></td><td style='border:1px solid #ccc; padding:5px; vertical-align:top;'></td><td style='border:1px solid #ccc; padding:5px; vertical-align:top;'>0.00</td><td style='border:1px solid #ccc; padding:5px; vertical-align:top;'>FAIL</td></tr></table><br>]]>
            </line>
          </reporter-output>
        </test-method> <!-- tearDown -->
        <test-method is-config="true" signature="tearDownReport()[pri:0, instance:com.uask.tests.ChatUITest@46268f08]" started-at="2025-10-23T09:45:24 GST" name="tearDownReport" finished-at="2025-10-23T09:45:24 GST" duration-ms="49" status="PASS">
          <reporter-output>
          </reporter-output>
        </test-method> <!-- tearDownReport -->
      </class> <!-- com.uask.tests.ChatUITest -->
    </test> <!-- Default test -->
  </suite> <!-- Default suite -->
</testng-results>
