<?xml version="1.0" encoding="UTF-8"?>
<!-- Generated by org.testng.reporters.JUnitReportReporter -->
<testsuite hostname="DESKTOP-MCFBCL3" failures="1" tests="7" name="com.uask.tests.ChatTest" time="211.688" errors="0" timestamp="2025-10-01T16:11:10 GST" skipped="0">
  <testcase classname="com.uask.tests.ChatTest" name="tc01VerifyChatWidgetLoadsOnDesktop" time="13.777"/>
  <testcase classname="com.uask.tests.ChatTest" name="tc02VerifyChatWidgetLoadsOnDevice" time="10.339"/>
  <testcase classname="com.uask.tests.ChatTest" name="tc03VerifyUserCanSendMessage" time="29.239"/>
  <testcase classname="com.uask.tests.ChatTest" name="tc04VerifyAIResponsesRendered" time="31.526"/>
  <testcase classname="com.uask.tests.ChatTest" name="tc05VerifyMultilingualSupport" time="53.334">
    <failure message="User not able see to RTL (Arabic response" type="java.lang.AssertionError">
      <![CDATA[java.lang.AssertionError: User not able see to RTL (Arabic response
at org.testng.Assert.fail(Assert.java:111)
at utils.Log.assertThat(Log.java:139)
at com.uask.tests.ChatTest.tc05VerifyMultilingualSupport(ChatTest.java:127)
at java.base/jdk.internal.reflect.DirectMethodHandleAccessor.invoke(DirectMethodHandleAccessor.java:103)
at java.base/java.lang.reflect.Method.invoke(Method.java:580)
at org.testng.internal.invokers.MethodInvocationHelper.invokeMethod(MethodInvocationHelper.java:141)
at org.testng.internal.invokers.TestInvoker.invokeMethod(TestInvoker.java:686)
at org.testng.internal.invokers.TestInvoker.invokeTestMethod(TestInvoker.java:230)
at org.testng.internal.invokers.MethodRunner.runInSequence(MethodRunner.java:63)
at org.testng.internal.invokers.TestInvoker$MethodInvocationAgent.invoke(TestInvoker.java:992)
at org.testng.internal.invokers.TestInvoker.invokeTestMethods(TestInvoker.java:203)
at org.testng.internal.invokers.TestMethodWorker.invokeTestMethods(TestMethodWorker.java:154)
at org.testng.internal.invokers.TestMethodWorker.run(TestMethodWorker.java:134)
at java.base/java.util.ArrayList.forEach(ArrayList.java:1596)
at org.testng.TestRunner.privateRun(TestRunner.java:739)
at org.testng.TestRunner.run(TestRunner.java:614)
at org.testng.SuiteRunner.runTest(SuiteRunner.java:421)
at org.testng.SuiteRunner.runSequentially(SuiteRunner.java:413)
at org.testng.SuiteRunner.privateRun(SuiteRunner.java:373)
at org.testng.SuiteRunner.run(SuiteRunner.java:312)
at org.testng.SuiteRunnerWorker.runSuite(SuiteRunnerWorker.java:52)
at org.testng.SuiteRunnerWorker.run(SuiteRunnerWorker.java:95)
at org.testng.TestNG.runSuitesSequentially(TestNG.java:1274)
at org.testng.TestNG.runSuitesLocally(TestNG.java:1208)
at org.testng.TestNG.runSuites(TestNG.java:1112)
at org.testng.TestNG.run(TestNG.java:1079)
at org.testng.remote.AbstractRemoteTestNG.run(AbstractRemoteTestNG.java:115)
at org.testng.remote.RemoteTestNG.initAndRun(RemoteTestNG.java:293)
at org.testng.remote.RemoteTestNG.main(RemoteTestNG.java:91)
]]>
    </failure>
  </testcase> <!-- tc05VerifyMultilingualSupport -->
  <testcase classname="com.uask.tests.ChatTest" name="tc06VerifyInputClearedAfterSend" time="13.906"/>
  <testcase classname="com.uask.tests.ChatTest" name="tc07VerifyScrollAndAccessibility" time="59.567"/>
</testsuite> <!-- com.uask.tests.ChatTest -->
