<?xml version="1.0" encoding="UTF-8"?>
<!-- Generated by org.testng.reporters.JUnitReportReporter -->
<testsuite hostname="DESKTOP-MCFBCL3" failures="1" tests="1" name="com.uask.tests.ChatUITest" time="11.273" errors="0" timestamp="2025-10-23T09:45:25 GST" skipped="0">
  <testcase classname="com.uask.tests.ChatUITest" name="tc04VerifyAIResponsesRendered" time="11.273">
    <failure message="Error while validating semantic similarity: no such element: Unable to locate element: {&quot;method&quot;:&quot;css selector&quot;,&quot;selector&quot;:&quot;#email&quot;}
  (Session info: chrome=141.0.7390.78)
For documentation on this error, please visit: https://www.selenium.dev/documentation/webdriver/troubleshooting/errors#no-such-element-exception
Build info: version: &#039;4.23.0&#039;, revision: &#039;4df0a231af&#039;
System info: os.name: &#039;Windows 10&#039;, os.arch: &#039;amd64&#039;, os.version: &#039;10.0&#039;, java.version: &#039;21.0.7&#039;
Driver info: org.openqa.selenium.chrome.ChromeDriver
Command: [6365056c2c8e52d9abddc288380f4be6, findElement {value=email, using=id}]
Capabilities {acceptInsecureCerts: false, browserName: chrome, browserVersion: 141.0.7390.78, chrome: {chromedriverVersion: 141.0.7390.122 (b477534e7e1..., userDataDir: C:\Users\Admin\AppData\Loca...}, fedcm:accounts: true, goog:chromeOptions: {debuggerAddress: localhost:58174}, networkConnectionEnabled: false, pageLoadStrategy: normal, platformName: windows, proxy: Proxy(), se:cdp: ws://localhost:58174/devtoo..., se:cdpVersion: 141.0.7390.78, setWindowRect: true, strictFileInteractability: false, timeouts: {implicit: 0, pageLoad: 300000, script: 30000}, unhandledPromptBehavior: dismiss and notify, webauthn:extension:credBlob: true, webauthn:extension:largeBlob: true, webauthn:extension:minPinLength: true, webauthn:extension:prf: true, webauthn:virtualAuthenticators: true}
Session ID: 6365056c2c8e52d9abddc288380f4be6" type="java.lang.AssertionError">
      <![CDATA[java.lang.AssertionError: Error while validating semantic similarity: no such element: Unable to locate element: {"method":"css selector","selector":"#email"}
  (Session info: chrome=141.0.7390.78)
For documentation on this error, please visit: https://www.selenium.dev/documentation/webdriver/troubleshooting/errors#no-such-element-exception
Build info: version: '4.23.0', revision: '4df0a231af'
System info: os.name: 'Windows 10', os.arch: 'amd64', os.version: '10.0', java.version: '21.0.7'
Driver info: org.openqa.selenium.chrome.ChromeDriver
Command: [6365056c2c8e52d9abddc288380f4be6, findElement {value=email, using=id}]
Capabilities {acceptInsecureCerts: false, browserName: chrome, browserVersion: 141.0.7390.78, chrome: {chromedriverVersion: 141.0.7390.122 (b477534e7e1..., userDataDir: C:\Users\Admin\AppData\Loca...}, fedcm:accounts: true, goog:chromeOptions: {debuggerAddress: localhost:58174}, networkConnectionEnabled: false, pageLoadStrategy: normal, platformName: windows, proxy: Proxy(), se:cdp: ws://localhost:58174/devtoo..., se:cdpVersion: 141.0.7390.78, setWindowRect: true, strictFileInteractability: false, timeouts: {implicit: 0, pageLoad: 300000, script: 30000}, unhandledPromptBehavior: dismiss and notify, webauthn:extension:credBlob: true, webauthn:extension:largeBlob: true, webauthn:extension:minPinLength: true, webauthn:extension:prf: true, webauthn:virtualAuthenticators: true}
Session ID: 6365056c2c8e52d9abddc288380f4be6
at utils.Log.fail(Log.java:174)
at com.uask.tests.ChatUITest.tc04VerifyAIResponsesRendered(ChatUITest.java:123)
at java.base/jdk.internal.reflect.DirectMethodHandleAccessor.invoke(DirectMethodHandleAccessor.java:103)
at java.base/java.lang.reflect.Method.invoke(Method.java:580)
at org.testng.internal.invokers.MethodInvocationHelper.invokeMethod(MethodInvocationHelper.java:141)
at org.testng.internal.invokers.TestInvoker.invokeMethod(TestInvoker.java:686)
at org.testng.internal.invokers.TestInvoker.invokeTestMethod(TestInvoker.java:230)
at org.testng.internal.invokers.MethodRunner.runInSequence(MethodRunner.java:63)
at org.testng.internal.invokers.TestInvoker$MethodInvocationAgent.invoke(TestInvoker.java:992)
at org.testng.internal.invokers.TestInvoker.invokeTestMethods(TestInvoker.java:203)
at org.testng.internal.invokers.TestMethodWorker.invokeTestMethods(TestMethodWorker.java:154)
at org.testng.internal.invokers.TestMethodWorker.run(TestMethodWorker.java:134)
at java.base/java.util.ArrayList.forEach(ArrayList.java:1596)
at org.testng.TestRunner.privateRun(TestRunner.java:739)
at org.testng.TestRunner.run(TestRunner.java:614)
at org.testng.SuiteRunner.runTest(SuiteRunner.java:421)
at org.testng.SuiteRunner.runSequentially(SuiteRunner.java:413)
at org.testng.SuiteRunner.privateRun(SuiteRunner.java:373)
at org.testng.SuiteRunner.run(SuiteRunner.java:312)
at org.testng.SuiteRunnerWorker.runSuite(SuiteRunnerWorker.java:52)
at org.testng.SuiteRunnerWorker.run(SuiteRunnerWorker.java:95)
at org.testng.TestNG.runSuitesSequentially(TestNG.java:1274)
at org.testng.TestNG.runSuitesLocally(TestNG.java:1208)
at org.testng.TestNG.runSuites(TestNG.java:1112)
at org.testng.TestNG.run(TestNG.java:1079)
at org.testng.remote.AbstractRemoteTestNG.run(AbstractRemoteTestNG.java:115)
at org.testng.remote.RemoteTestNG.initAndRun(RemoteTestNG.java:293)
at org.testng.remote.RemoteTestNG.main(RemoteTestNG.java:91)
]]>
    </failure>
    <system-out>
      <![CDATA[tc04VerifyAIResponsesRendered: Verify that AI-generated responses are displayed correctly.<br>
<span style='color:red;'>Error while validating semantic similarity: no such element: Unable to locate element: {"method":"css selector","selector":"#email"}
  (Session info: chrome=141.0.7390.78)
For documentation on this error, please visit: https://www.selenium.dev/documentation/webdriver/troubleshooting/errors#no-such-element-exception
Build info: version: '4.23.0', revision: '4df0a231af'
System info: os.name: 'Windows 10', os.arch: 'amd64', os.version: '10.0', java.version: '21.0.7'
Driver info: org.openqa.selenium.chrome.ChromeDriver
Command: [6365056c2c8e52d9abddc288380f4be6, findElement {value=email, using=id}]
Capabilities {acceptInsecureCerts: false, browserName: chrome, browserVersion: 141.0.7390.78, chrome: {chromedriverVersion: 141.0.7390.122 (b477534e7e1..., userDataDir: C:\Users\Admin\AppData\Loca...}, fedcm:accounts: true, goog:chromeOptions: {debuggerAddress: localhost:58174}, networkConnectionEnabled: false, pageLoadStrategy: normal, platformName: windows, proxy: Proxy(), se:cdp: ws://localhost:58174/devtoo..., se:cdpVersion: 141.0.7390.78, setWindowRect: true, strictFileInteractability: false, timeouts: {implicit: 0, pageLoad: 300000, script: 30000}, unhandledPromptBehavior: dismiss and notify, webauthn:extension:credBlob: true, webauthn:extension:largeBlob: true, webauthn:extension:minPinLength: true, webauthn:extension:prf: true, webauthn:virtualAuthenticators: true}
Session ID: 6365056c2c8e52d9abddc288380f4be6</span><br>]]>
    </system-out>
  </testcase> <!-- tc04VerifyAIResponsesRendered -->
  <system-out>
    <![CDATA[Starting test: tc04VerifyAIResponsesRendered<br>
tc04VerifyAIResponsesRendered: Verify that AI-generated responses are displayed correctly.<br>
<span style='color:red;'>Error while validating semantic similarity: no such element: Unable to locate element: {"method":"css selector","selector":"#email"}
  (Session info: chrome=141.0.7390.78)
For documentation on this error, please visit: https://www.selenium.dev/documentation/webdriver/troubleshooting/errors#no-such-element-exception
Build info: version: '4.23.0', revision: '4df0a231af'
System info: os.name: 'Windows 10', os.arch: 'amd64', os.version: '10.0', java.version: '21.0.7'
Driver info: org.openqa.selenium.chrome.ChromeDriver
Command: [6365056c2c8e52d9abddc288380f4be6, findElement {value=email, using=id}]
Capabilities {acceptInsecureCerts: false, browserName: chrome, browserVersion: 141.0.7390.78, chrome: {chromedriverVersion: 141.0.7390.122 (b477534e7e1..., userDataDir: C:\Users\Admin\AppData\Loca...}, fedcm:accounts: true, goog:chromeOptions: {debuggerAddress: localhost:58174}, networkConnectionEnabled: false, pageLoadStrategy: normal, platformName: windows, proxy: Proxy(), se:cdp: ws://localhost:58174/devtoo..., se:cdpVersion: 141.0.7390.78, setWindowRect: true, strictFileInteractability: false, timeouts: {implicit: 0, pageLoad: 300000, script: 30000}, unhandledPromptBehavior: dismiss and notify, webauthn:extension:credBlob: true, webauthn:extension:largeBlob: true, webauthn:extension:minPinLength: true, webauthn:extension:prf: true, webauthn:virtualAuthenticators: true}
Session ID: 6365056c2c8e52d9abddc288380f4be6</span><br>
<br><b>Test Result Table:</b><br><table border='1' cellspacing='0' cellpadding='5' style='width:100%; border-collapse:collapse; font-size:12px;'><tr style='background-color:#f2f2f2;'><th>Timestamp</th><th>Question</th><th>Expected</th><th>Actual</th><th>Similarity</th><th>Status</th></tr><tr style='background-color:#f8d7da;'><td style='border:1px solid #ccc; padding:5px; vertical-align:top;'>2025-10-23 09:45:23</td><td style='border:1px solid #ccc; padding:5px; vertical-align:top;'></td><td style='border:1px solid #ccc; padding:5px; vertical-align:top;'></td><td style='border:1px solid #ccc; padding:5px; vertical-align:top;'></td><td style='border:1px solid #ccc; padding:5px; vertical-align:top;'>0.00</td><td style='border:1px solid #ccc; padding:5px; vertical-align:top;'>FAIL</td></tr></table><br>
<br><b>Test Result Table:</b><br><table border='1' cellspacing='0' cellpadding='5' style='width:100%; border-collapse:collapse; font-size:12px;'><tr style='background-color:#f2f2f2;'><th>Timestamp</th><th>Question</th><th>Expected</th><th>Actual</th><th>Similarity</th><th>Status</th></tr><tr style='background-color:#f8d7da;'><td style='border:1px solid #ccc; padding:5px; vertical-align:top;'>2025-10-23 09:45:23</td><td style='border:1px solid #ccc; padding:5px; vertical-align:top;'></td><td style='border:1px solid #ccc; padding:5px; vertical-align:top;'></td><td style='border:1px solid #ccc; padding:5px; vertical-align:top;'></td><td style='border:1px solid #ccc; padding:5px; vertical-align:top;'>0.00</td><td style='border:1px solid #ccc; padding:5px; vertical-align:top;'>FAIL</td></tr></table><br>]]>
  </system-out>
</testsuite> <!-- com.uask.tests.ChatUITest -->
